[00:02:31] [main/INFO]: Loading Minecraft 1.20.1 with Fabric Loader 0.16.3
[00:02:31] [main/INFO]: Loading 4 mods:
	- fabricloader 0.16.3
	   \-- mixinextras 0.4.1
	- java 17
	- minecraft 1.20.1
[00:02:31] [main/INFO]: SpongePowered MIXIN Subsystem Version=0.8.7 Source=file:/workspaces/bettermccarajomierda/servidor_minecraft/libraries/net/fabricmc/sponge-mixin/0.15.2+mixin.0.8.7/sponge-mixin-0.15.2+mixin.0.8.7.jar Service=Knot/Fabric Env=SERVER
[00:02:37] [main/INFO]: Environment: authHost='https://authserver.mojang.com', accountsHost='https://api.mojang.com', sessionHost='https://sessionserver.mojang.com', servicesHost='https://api.minecraftservices.com', name='PROD'
[00:02:39] [main/INFO]: Loaded 7 recipes
[00:02:39] [main/INFO]: Loaded 1271 advancements
[00:02:39] [Server thread/INFO]: Starting minecraft server version 1.20.1
[00:02:39] [Server thread/INFO]: Loading properties
[00:02:39] [Server thread/INFO]: Default game type: SURVIVAL
[00:02:39] [Server thread/INFO]: Generating keypair
[00:02:39] [Server thread/INFO]: Starting Minecraft server on *:25565
[00:02:40] [Server thread/INFO]: Using epoll channel type
[00:02:40] [Server thread/WARN]: **** SERVER IS RUNNING IN OFFLINE/INSECURE MODE!
[00:02:40] [Server thread/WARN]: The server will make no attempt to authenticate usernames. Beware.
[00:02:40] [Server thread/WARN]: While this makes the game possible to play without internet access, it also opens up the ability for hackers to connect with any username they choose.
[00:02:40] [Server thread/WARN]: To change this, set "online-mode" to "true" in the server.properties file.
[00:02:40] [Server thread/INFO]: Preparing level "world"
[00:02:46] [Server thread/INFO]: Preparing start region for dimension minecraft:overworld
[00:02:47] [Worker-Main-3/INFO]: Preparing spawn area: 0%
[00:02:47] [Worker-Main-1/INFO]: Preparing spawn area: 0%
[00:02:47] [Worker-Main-3/INFO]: Preparing spawn area: 0%
[00:02:48] [Worker-Main-2/INFO]: Preparing spawn area: 0%
[00:02:48] [Worker-Main-1/INFO]: Preparing spawn area: 0%
[00:02:49] [Worker-Main-2/INFO]: Preparing spawn area: 1%
[00:02:49] [Worker-Main-2/INFO]: Preparing spawn area: 1%
[00:02:50] [Worker-Main-3/INFO]: Preparing spawn area: 2%
[00:02:50] [Worker-Main-1/INFO]: Preparing spawn area: 3%
[00:02:51] [Worker-Main-2/INFO]: Preparing spawn area: 5%
[00:02:51] [Worker-Main-1/INFO]: Preparing spawn area: 6%
[00:02:52] [Worker-Main-3/INFO]: Preparing spawn area: 6%
[00:02:52] [Worker-Main-1/INFO]: Preparing spawn area: 9%
[00:02:53] [Worker-Main-3/INFO]: Preparing spawn area: 10%
[00:02:53] [Worker-Main-1/INFO]: Preparing spawn area: 11%
[00:02:54] [Worker-Main-3/INFO]: Preparing spawn area: 12%
[00:02:54] [Worker-Main-1/INFO]: Preparing spawn area: 15%
[00:02:55] [Worker-Main-2/INFO]: Preparing spawn area: 16%
[00:02:55] [Worker-Main-1/INFO]: Preparing spawn area: 16%
[00:02:56] [Worker-Main-2/INFO]: Preparing spawn area: 17%
[00:02:56] [Worker-Main-3/INFO]: Preparing spawn area: 19%
[00:02:57] [Worker-Main-3/INFO]: Preparing spawn area: 20%
[00:02:57] [Worker-Main-2/INFO]: Preparing spawn area: 22%
[00:02:58] [Worker-Main-3/INFO]: Preparing spawn area: 22%
[00:02:58] [Worker-Main-1/INFO]: Preparing spawn area: 23%
[00:02:59] [Worker-Main-2/INFO]: Preparing spawn area: 26%
[00:02:59] [Worker-Main-3/INFO]: Preparing spawn area: 29%
[00:03:00] [Worker-Main-2/INFO]: Preparing spawn area: 31%
[00:03:00] [Worker-Main-3/INFO]: Preparing spawn area: 33%
[00:03:01] [Worker-Main-3/INFO]: Preparing spawn area: 36%
[00:03:01] [Worker-Main-2/INFO]: Preparing spawn area: 39%
[00:03:02] [Worker-Main-3/INFO]: Preparing spawn area: 41%
[00:03:02] [Worker-Main-3/INFO]: Preparing spawn area: 43%
[00:03:03] [Worker-Main-1/INFO]: Preparing spawn area: 45%
[00:03:03] [Worker-Main-2/INFO]: Preparing spawn area: 48%
[00:03:04] [Worker-Main-1/INFO]: Preparing spawn area: 51%
[00:03:04] [Worker-Main-1/INFO]: Preparing spawn area: 54%
[00:03:05] [Worker-Main-2/INFO]: Preparing spawn area: 55%
[00:03:05] [Worker-Main-2/INFO]: Preparing spawn area: 59%
[00:03:06] [Worker-Main-2/INFO]: Preparing spawn area: 62%
[00:03:06] [Worker-Main-1/INFO]: Preparing spawn area: 65%
[00:03:07] [Worker-Main-3/INFO]: Preparing spawn area: 68%
[00:03:07] [Worker-Main-3/INFO]: Preparing spawn area: 69%
[00:03:08] [Worker-Main-1/INFO]: Preparing spawn area: 72%
[00:03:08] [Worker-Main-2/INFO]: Preparing spawn area: 75%
[00:03:09] [Worker-Main-2/INFO]: Preparing spawn area: 79%
[00:03:09] [Worker-Main-2/INFO]: Preparing spawn area: 82%
[00:03:10] [Worker-Main-2/INFO]: Preparing spawn area: 84%
[00:03:10] [Worker-Main-3/INFO]: Preparing spawn area: 87%
[00:03:11] [Worker-Main-2/INFO]: Preparing spawn area: 90%
[00:03:11] [Worker-Main-1/INFO]: Preparing spawn area: 93%
[00:03:12] [Worker-Main-3/INFO]: Preparing spawn area: 96%
[00:03:12] [Server thread/INFO]: Time elapsed: 26007 ms
[00:03:12] [Server thread/INFO]: Done (32.538s)! For help, type "help"
[00:03:32] [Server thread/INFO]: MauSlayer_[/172.25.7.92:56359] logged in with entity id 345 at (4.5, 72.0, 2.5)
[00:03:32] [Server thread/INFO]: MauSlayer_ joined the game
[00:03:32] [Server thread/INFO]: MauSlayer_ lost connection: Disconnected
[00:03:32] [Server thread/INFO]: MauSlayer_ left the game
[00:03:46] [Server thread/INFO]: MauSlayer_[/172.25.7.92:56377] logged in with entity id 379 at (4.5, 72.0, 2.5)
[00:03:46] [Server thread/INFO]: MauSlayer_ joined the game
[00:03:46] [Server thread/INFO]: MauSlayer_ lost connection: Disconnected
[00:03:46] [Server thread/INFO]: MauSlayer_ left the game
[00:03:49] [Server thread/INFO]: MauSlayer_[/172.25.7.92:56380] logged in with entity id 417 at (4.5, 72.0, 2.5)
[00:03:49] [Server thread/INFO]: MauSlayer_ joined the game
[00:03:49] [Server thread/INFO]: MauSlayer_ lost connection: Disconnected
[00:03:49] [Server thread/INFO]: MauSlayer_ left the game
[00:04:54] [Server thread/INFO]: MauSlayer_[/172.25.7.92:56546] logged in with entity id 467 at (4.5, 72.0, 2.5)
[00:04:54] [Server thread/INFO]: MauSlayer_ joined the game
[00:04:55] [Server thread/INFO]: MauSlayer_ lost connection: Disconnected
[00:04:55] [Server thread/INFO]: MauSlayer_ left the game
[00:04:58] [Server thread/INFO]: MauSlayer_[/172.25.7.92:56554] logged in with entity id 486 at (4.5, 72.0, 2.5)
[00:04:58] [Server thread/INFO]: MauSlayer_ joined the game
[00:04:59] [Server thread/INFO]: MauSlayer_ lost connection: Disconnected
[00:04:59] [Server thread/INFO]: MauSlayer_ left the game
[00:07:28] [Server thread/INFO]: MauSlayer_[/172.25.7.92:56815] logged in with entity id 507 at (4.5, 72.0, 2.5)
[00:07:28] [Server thread/INFO]: MauSlayer_ joined the game
[00:07:29] [Server thread/INFO]: MauSlayer_ lost connection: Disconnected
[00:07:29] [Server thread/INFO]: MauSlayer_ left the game
